<?xml version="1.0" encoding="UTF-8"?>
<testng-results ignored="0" total="1" passed="1" failed="0" skipped="0">
  <reporter-output>
  </reporter-output>
  <suite started-at="2022-11-17T16:11:05 IST" name="Default suite" finished-at="2022-11-17T16:11:52 IST" duration-ms="46921">
    <groups>
    </groups>
    <test started-at="2022-11-17T16:11:05 IST" name="Default test" finished-at="2022-11-17T16:11:52 IST" duration-ms="46921">
      <class name="mobileautomation.Appium.AppiumMiscellaneousActions">
        <test-method is-config="true" signature="configureAppium()[pri:0, instance:mobileautomation.Appium.AppiumMiscellaneousActions@2e6a8155]" started-at="2022-11-17T16:11:05 IST" name="configureAppium" finished-at="2022-11-17T16:11:28 IST" duration-ms="22249" status="PASS">
          <reporter-output>
          </reporter-output>
        </test-method> <!-- configureAppium -->
        <test-method signature="miscellaneousAction()[pri:0, instance:mobileautomation.Appium.AppiumMiscellaneousActions@2e6a8155]" started-at="2022-11-17T16:11:28 IST" name="miscellaneousAction" finished-at="2022-11-17T16:11:50 IST" duration-ms="22158" status="PASS">
          <reporter-output>
          </reporter-output>
        </test-method> <!-- miscellaneousAction -->
        <test-method is-config="true" signature="tearDown()[pri:0, instance:mobileautomation.Appium.AppiumMiscellaneousActions@2e6a8155]" started-at="2022-11-17T16:11:50 IST" name="tearDown" finished-at="2022-11-17T16:11:52 IST" duration-ms="2423" status="PASS">
          <reporter-output>
          </reporter-output>
        </test-method> <!-- tearDown -->
      </class> <!-- mobileautomation.Appium.AppiumMiscellaneousActions -->
    </test> <!-- Default test -->
  </suite> <!-- Default suite -->
</testng-results>
