<?xml version="1.0" encoding="UTF-8"?>
<testng-results ignored="0" total="1" passed="1" failed="0" skipped="0">
  <reporter-output>
  </reporter-output>
  <suite started-at="2022-11-21T17:37:47 IST" name="Default suite" finished-at="2022-11-21T17:38:20 IST" duration-ms="32940">
    <groups>
    </groups>
    <test started-at="2022-11-21T17:37:47 IST" name="Default test" finished-at="2022-11-21T17:38:20 IST" duration-ms="32940">
      <class name="mobileautomation.Appium.eCommerce_tc_3">
        <test-method is-config="true" signature="configureAppium()[pri:0, instance:mobileautomation.Appium.eCommerce_tc_3@52719fb6]" started-at="2022-11-21T17:37:47 IST" name="configureAppium" finished-at="2022-11-21T17:38:06 IST" duration-ms="18520" status="PASS">
          <reporter-output>
          </reporter-output>
        </test-method> <!-- configureAppium -->
        <test-method signature="fillForm()[pri:0, instance:mobileautomation.Appium.eCommerce_tc_3@52719fb6]" started-at="2022-11-21T17:38:06 IST" name="fillForm" finished-at="2022-11-21T17:38:19 IST" duration-ms="13328" status="PASS">
          <reporter-output>
          </reporter-output>
        </test-method> <!-- fillForm -->
        <test-method is-config="true" signature="tearDown()[pri:0, instance:mobileautomation.Appium.eCommerce_tc_3@52719fb6]" started-at="2022-11-21T17:38:19 IST" name="tearDown" finished-at="2022-11-21T17:38:20 IST" duration-ms="1039" status="PASS">
          <reporter-output>
          </reporter-output>
        </test-method> <!-- tearDown -->
      </class> <!-- mobileautomation.Appium.eCommerce_tc_3 -->
    </test> <!-- Default test -->
  </suite> <!-- Default suite -->
</testng-results>
